2023-01-0116:00:24:NetDownMax = 1104873992023-01-0116:00:24:NetUpMax = 4063859
2023-01-0116:00:29:IOReadMax = 32182001.09888
2023-01-0116:00:29:IOWriteMax = 31966694.72021
2023-01-0116:00:34:IOReadMax = 32501571.22363
2023-01-0116:00:34:IOWriteMax = 32283991.14819
2023-01-0116:00:51:IOReadMax = 41372381.80542
2023-01-0116:00:51:IOWriteMax = 41319671.72754
2023-01-0116:01:01:NetDownMax = 206465233
2023-01-0116:01:01:NetUpMax = 4168337
2023-01-0116:01:01:IOReadMax = 65584806.27454
2023-01-0116:01:01:IOWriteMax = 65435634.50793
2023-01-0116:01:12:IOReadMax = 79870412.01245
2023-01-0116:01:12:IOWriteMax = 79722286.87097
2023-01-0116:03:31>>   NetDownMax = 287170
2023-01-0116:03:31>>   NetUpMax = 13978
2023-01-0116:03:31>>   IOReadMax = 740945.81067
2023-01-0116:03:31>>   IOWriteMax = 442038.51825
2023-01-0116:03:41>>   IOReadMax = 4519818.30341
2023-01-0116:03:46>>   NetUpMax = 24213
2023-01-0116:03:56>>   NetDownMax = 99066192
2023-01-0116:03:56>>   NetUpMax = 1428664
2023-01-0116:03:56>>   IOReadMax = 34498845.10571
2023-01-0116:03:56>>   IOWriteMax = 34433102.42297
2023-01-0116:04:02>>   NetDownMax = 157960506
2023-01-0116:04:02>>   NetUpMax = 3952092
2023-01-0116:04:07>>   NetDownMax = 171441143
2023-01-0116:04:07>>   NetUpMax = 5900090
2023-01-0116:04:52>>   IOReadMax = 40627933.95755
2023-01-0116:04:52>>   IOWriteMax = 40596053.33801
2023-01-0116:05:18>>   NetDownMax = 175206501
2023-01-0116:05:28>>   IOReadMax = 45924157.09308
2023-01-0116:05:28>>   IOWriteMax = 45371572.08829
2023-01-0116:10:07>> Rainmeter Logging Start...
2023-01-0116:10:45>> Rainmeter Max Counter Start...
2023-01-0116:11:35>>   IOReadMax = 47127983.46082
2023-01-0116:11:35>>   IOWriteMax = 47112031.14905
2023-01-0116:17:21>>   NetDownMax = 197916036
2023-01-0116:17:21>>   IOReadMax = 85587010.27148
2023-01-0116:17:21>>   IOWriteMax = 83262759.26367
2023-01-0116:20:13>>   NetDownMax = 205955622
2023-01-0116:31:32>> Rainmeter Max Counter Start...
2023-01-0116:32:04>> Rainmeter Max Counter Start...
2023-01-0116:32:09>>   NetUpMax = 4350263
2023-01-0116:35:16>>   NetUpMax = 4738844
2023-01-0116:35:22>>   NetUpMax = 5400697
2023-01-0116:36:43>>   NetUpMax = 5436818
2023-01-0116:36:58>>   NetUpMax = 6434586
2023-01-0116:37:23>>   NetUpMax = 6485870
2023-01-0116:37:34>>   NetUpMax = 7273445
2023-01-0116:44:35>>   NetDownMax = 211170445
2023-01-0117:02:11>>   IOReadMax = 96183529.26031
2023-01-0117:02:11>>   IOWriteMax = 95896998.62048
2023-01-0117:02:27>>   IOReadMax = 127728747.94678
2023-01-0117:13:17>>   NetUpMax = 9053091
2023-01-0117:13:37>>   IOWriteMax = 108272023.00421
2023-01-0117:26:49>>   IOReadMax = 146498498.17644
2023-01-0117:26:57>> Rainmeter Max Counter Start...
2023-01-0117:42:17>> Rainmeter Max Counter Start...
2023-01-0117:46:06>> Rainmeter Max Counter Start...
2023-01-0117:46:16>>   IOReadMax = 287463436.51331
2023-01-0117:46:16>>   IOWriteMax = 287013733.76648
2023-01-0118:05:55>> Rainmeter Max Counter Start...
2023-01-0118:17:23>> Rainmeter Max Counter Start...
2023-01-0118:17:35>> Rainmeter Max Counter Start...
2023-01-0118:18:07>> Rainmeter Max Counter Start...
2023-01-0118:18:25>> Rainmeter Max Counter Start...
2023-01-0118:18:31>> Rainmeter Max Counter Start...
2023-01-0118:18:37>> Rainmeter Max Counter Start...
2023-01-0118:18:44>> Rainmeter Max Counter Start...
2023-01-0118:18:53>> Rainmeter Max Counter Start...
2023-01-0118:19:02>> Rainmeter Max Counter Start...
2023-01-0118:19:08>> Rainmeter Max Counter Start...
2023-01-0118:19:17>> Rainmeter Max Counter Start...
2023-01-0118:20:21>> Rainmeter Max Counter Start...
2023-01-0118:20:41>> Rainmeter Max Counter Start...
2023-01-0118:20:49>> Rainmeter Max Counter Start...
2023-01-0118:20:59>> Rainmeter Max Counter Start...
2023-01-0118:22:11>> Rainmeter Max Counter Start...
2023-01-0118:22:32>> Rainmeter Max Counter Start...
2023-01-0118:22:56>> Rainmeter Max Counter Start...
2023-01-0118:23:06>> Rainmeter Max Counter Start...
2023-01-0118:23:16>> Rainmeter Max Counter Start...
2023-01-0118:23:24>> Rainmeter Max Counter Start...
2023-01-0118:23:35>> Rainmeter Max Counter Start...
2023-01-0118:26:22>>   IOReadMax = 299178072.94804
2023-01-0118:26:38>>   IOReadMax = 501076817.22202
2023-01-0118:58:22>>   IOReadMax = 608394466.45288
2023-01-0121:37:09>> Rainmeter Max Counter Start...
2023-01-0121:42:29>>   NetUpMax = 18361647
2023-01-0121:42:40>>   NetUpMax = 19714481
2023-01-0121:42:45>>   NetUpMax = 30608534
2023-01-0211:01:10>> Rainmeter Max Counter Start...
2023-01-02 11:09:18>>   NetDownMax = 211829744
2023-01-02 11:10:04>>   IOWriteMax = 299375128.82352
2023-01-02 12:21:03>>   IOWriteMax = 417013086.06844
2023-01-02 13:33:04>>   IOReadMax = 710266073.07002
2023-01-02 13:33:09>>   IOReadMax = 1130139969.1686
2023-01-02 13:33:09>>   IOWriteMax = 565632450.06755
2023-01-0217:40:42>> Rainmeter Max Counter Start...
2023-01-0217:42:53>> Rainmeter Max Counter Start...
2023-01-0312:24:37>> Rainmeter Max Counter Start...
2023-01-0315:16:59>> Rainmeter Max Counter Start...
2023-01-0411:19:46>> Rainmeter Max Counter Start...
2023-01-0513:03:45>> Rainmeter Max Counter Start...
2023-01-0610:22:47>> Rainmeter Max Counter Start...
2023-01-0710:45:37>> Rainmeter Max Counter Start...
2023-01-0812:01:47>> Rainmeter Max Counter Start...
2023-01-0900:15:34>> Rainmeter Max Counter Start...
2023-01-0912:48:56>> Rainmeter Max Counter Start...
2023-01-0917:51:19>> Rainmeter Max Counter Start...
2023-01-1011:49:59>> Rainmeter Max Counter Start...
2023-01-1016:52:22>> Rainmeter Max Counter Start...
2023-01-1019:55:54>> Rainmeter Max Counter Start...
2023-01-1020:01:54>> Rainmeter Max Counter Start...
2023-01-1112:50:35>> Rainmeter Max Counter Start...
2023-01-1115:29:50>> Rainmeter Max Counter Start...
2023-01-1115:30:23>> Rainmeter Max Counter Start...
2023-01-1210:37:13>> Rainmeter Max Counter Start...
2023-01-1215:16:37>> Rainmeter Max Counter Start...
2023-01-1301:57:50>> Rainmeter Max Counter Start...
2023-01-1312:52:18>> Rainmeter Max Counter Start...
2023-01-1412:48:27>> Rainmeter Max Counter Start...
2023-01-1417:11:12>> Rainmeter Max Counter Start...
2023-01-1512:28:39>> Rainmeter Max Counter Start...
2023-01-1610:48:45>> Rainmeter Max Counter Start...
2023-01-1712:00:33>> Rainmeter Max Counter Start...
2023-01-1718:03:09>> Rainmeter Max Counter Start...
2023-01-1718:30:06>> Rainmeter Max Counter Start...
2023-01-17 21:45:17>>   NetUpMax = 30728258
2023-01-17 21:52:13>>   NetUpMax = 32624988
2023-01-17 22:19:18>>   NetUpMax = 33687872
2023-01-17 22:54:10>>   NetUpMax = 33778680
2023-01-1811:58:06>> Rainmeter Max Counter Start...
2023-01-1813:54:49>> Rainmeter Max Counter Start...
2023-01-1814:59:46>> Rainmeter Max Counter Start...
2023-01-1814:59:58>> Rainmeter Max Counter Start...
2023-01-1815:02:43>> Rainmeter Max Counter Start...
2023-01-1815:21:30>> Rainmeter Max Counter Start...
2023-01-18 19:44:31>>   NetUpMax = 37230929
2023-01-18 19:44:41>>   NetUpMax = 38404700
2023-01-1900:45:17>> Rainmeter Max Counter Start...
2023-01-1912:38:42>> Rainmeter Max Counter Start...
2023-02-0319:27:49>> Rainmeter Max Counter Start...
2023-02-0520:23:02>> Rainmeter Max Counter Start...
2023-02-0520:30:56>> Rainmeter Max Counter Start...
2023-02-0522:04:51>> Rainmeter Max Counter Start...
2023-02-1415:48:09>> Rainmeter Max Counter Start...
2023-02-14 16:10:04>>   IOReadMax = 1633531249.9434
2023-02-14 23:28:44>>   IOReadMax = 4777859316.7835
2023-02-14 23:28:44>>   IOWriteMax = 2388133620.9075
2023-02-1512:16:41>> Rainmeter Max Counter Start...
2023-02-1513:48:20>> Rainmeter Max Counter Start...
2023-02-1521:08:58>> Rainmeter Max Counter Start...
2023-02-1611:47:19>> Rainmeter Max Counter Start...
2023-02-1617:14:41>> Rainmeter Max Counter Start...
2023-02-1617:37:21>> Rainmeter Max Counter Start...
2023-02-1618:23:37>> Rainmeter Max Counter Start...
2023-02-1711:20:34>> Rainmeter Max Counter Start...
2023-02-1723:37:45>> Rainmeter Max Counter Start...
2023-02-1723:38:22>> Rainmeter Max Counter Start...
2023-02-1723:38:27>> Rainmeter Max Counter Start...
2023-02-1723:38:37>> Rainmeter Max Counter Start...
2023-02-1723:38:47>> Rainmeter Max Counter Start...
2023-02-1801:11:32>> Rainmeter Max Counter Start...
2023-02-1802:17:36>> Rainmeter Max Counter Start...
2023-02-1802:26:38>> Rainmeter Max Counter Start...
2023-02-1802:43:51>> Rainmeter Max Counter Start...
2023-02-1803:24:47>> Rainmeter Max Counter Start...
2023-02-1812:03:54>> Rainmeter Max Counter Start...
2023-02-1812:14:19>> Rainmeter Max Counter Start...
2023-02-1812:27:04>> Rainmeter Max Counter Start...
2023-02-1815:25:58>> Rainmeter Max Counter Start...
2023-02-1815:26:04>> Rainmeter Max Counter Start...
2023-02-1823:53:30>> Rainmeter Max Counter Start...
2023-02-1900:00:41>> Rainmeter Max Counter Start...
2023-02-1900:02:07>> Rainmeter Max Counter Start...
2023-02-1900:57:08>> Rainmeter Max Counter Start...
2023-02-1901:46:06>> Rainmeter Max Counter Start...
2023-02-1901:53:25>> Rainmeter Max Counter Start...
2023-02-1902:42:04>> Rainmeter Max Counter Start...
2023-02-1911:49:23>> Rainmeter Max Counter Start...
2023-02-1912:09:16>> Rainmeter Max Counter Start...
2023-02-1913:55:30>> Rainmeter Max Counter Start...
2023-02-1914:58:53>> Rainmeter Max Counter Start...
2023-02-1917:12:56>> Rainmeter Max Counter Start...
2023-02-1917:44:48>> Rainmeter Max Counter Start...
2023-02-2012:15:05>> Rainmeter Max Counter Start...
2023-02-2114:28:10>> Rainmeter Max Counter Start...
2023-02-2115:58:12>> Rainmeter Max Counter Start...
2023-02-2118:05:09>> Rainmeter Max Counter Start...
2023-02-2212:29:14>> Rainmeter Max Counter Start...
2023-02-2215:28:07>> Rainmeter Max Counter Start...
2023-02-2312:08:53>> Rainmeter Max Counter Start...
2023-02-2320:31:07>> Rainmeter Max Counter Start...
2023-02-2410:18:41>> Rainmeter Max Counter Start...
2023-02-2419:17:18>> Rainmeter Max Counter Start...
2023-02-2419:17:27>> Rainmeter Max Counter Start...
2023-02-2513:15:07>> Rainmeter Max Counter Start...
2023-02-2612:22:10>> Rainmeter Max Counter Start...
2023-02-2713:33:48>> Rainmeter Max Counter Start...
2023-02-2714:46:30>> Rainmeter Max Counter Start...
2023-02-2809:43:27>> Rainmeter Max Counter Start...
2023-02-2810:24:24>> Rainmeter Max Counter Start...
2023-02-2816:52:28>> Rainmeter Max Counter Start...
2023-03-0111:54:44>> Rainmeter Max Counter Start...
2023-03-0115:50:23>> Rainmeter Max Counter Start...
2023-03-0212:42:37>> Rainmeter Max Counter Start...
2023-03-0312:27:37>> Rainmeter Max Counter Start...
2023-03-0411:21:21>> Rainmeter Max Counter Start...
2023-03-0512:13:20>> Rainmeter Max Counter Start...
2023-03-0517:56:01>> Rainmeter Max Counter Start...
2023-03-0612:37:44>> Rainmeter Max Counter Start...
2023-03-0709:54:12>> Rainmeter Max Counter Start...
2023-03-0811:30:04>> Rainmeter Max Counter Start...
2023-03-0912:41:18>> Rainmeter Max Counter Start...
2023-03-1113:21:03>> Rainmeter Max Counter Start...
2023-03-1300:02:17>> Rainmeter Max Counter Start...
2023-03-1311:21:22>> Rainmeter Max Counter Start...
2023-03-1320:25:47>> Rainmeter Max Counter Start...
2023-03-1411:41:37>> Rainmeter Max Counter Start...
2023-03-1512:34:15>> Rainmeter Max Counter Start...
2023-03-1612:30:19>> Rainmeter Max Counter Start...
2023-03-16 18:42:59>>   IOReadMax = 25540926980.237
2023-03-16 18:42:59>>   IOWriteMax = 25503132817.058
2023-03-1619:05:32>> Rainmeter Max Counter Start...
2023-03-1619:18:28>> Rainmeter Max Counter Start...
2023-03-1619:21:13>> Rainmeter Max Counter Start...
2023-03-1700:54:34>> Rainmeter Max Counter Start...
2023-03-1700:58:50>> Rainmeter Max Counter Start...
2023-03-1701:04:38>> Rainmeter Max Counter Start...
2023-03-1701:08:55>> Rainmeter Max Counter Start...
2023-03-1701:46:53>> Rainmeter Max Counter Start...
2023-03-1711:30:05>> Rainmeter Max Counter Start...
2023-03-1817:09:34>> Rainmeter Max Counter Start...
2023-03-1911:37:19>> Rainmeter Max Counter Start...
2023-03-2012:47:17>> Rainmeter Max Counter Start...
2023-03-2112:10:08>> Rainmeter Max Counter Start...
2023-03-2315:34:57>> Rainmeter Max Counter Start...
2023-03-2320:24:29>> Rainmeter Max Counter Start...
2023-03-2412:41:39>> Rainmeter Max Counter Start...
2023-04-0308:59:40>> Rainmeter Max Counter Start...
2023-04-0407:52:28>> Rainmeter Max Counter Start...
2023-04-0507:40:51>> Rainmeter Max Counter Start...
2023-04-0512:24:54>> Rainmeter Max Counter Start...
2023-04-0607:37:36>> Rainmeter Max Counter Start...
2023-04-0707:12:58>> Rainmeter Max Counter Start...
2023-04-0716:43:59>> Rainmeter Max Counter Start...
2023-04-0716:49:26>> Rainmeter Max Counter Start...
2023-04-0809:24:22>> Rainmeter Max Counter Start...
2023-04-0908:56:05>> Rainmeter Max Counter Start...
2023-04-1007:08:54>> Rainmeter Max Counter Start...
2023-04-1107:21:45>> Rainmeter Max Counter Start...
2023-04-1207:20:36>> Rainmeter Max Counter Start...
2023-04-1407:28:10>> Rainmeter Max Counter Start...
2023-04-1507:27:38>> Rainmeter Max Counter Start...
2023-04-1608:00:08>> Rainmeter Max Counter Start...
2023-04-1617:37:22>> Rainmeter Max Counter Start...
2023-04-1815:54:18>> Rainmeter Max Counter Start...
2023-04-1909:14:18>> Rainmeter Max Counter Start...
2023-04-1922:41:22>> Rainmeter Max Counter Start...
2023-04-2011:46:41>> Rainmeter Max Counter Start...
2023-04-2017:24:35>> Rainmeter Max Counter Start...
2023-04-2017:24:36>> Rainmeter Max Counter Start...
2023-04-2017:35:39>> Rainmeter Max Counter Start...
2023-04-2019:18:28>> Rainmeter Max Counter Start...
2023-04-2108:10:02>> Rainmeter Max Counter Start...
2023-04-2208:30:06>> Rainmeter Max Counter Start...
2023-04-2209:48:06>> Rainmeter Max Counter Start...
2023-04-2215:13:31>> Rainmeter Max Counter Start...
2023-04-2307:42:17>> Rainmeter Max Counter Start...
2023-04-2407:40:30>> Rainmeter Max Counter Start...
2023-04-2508:59:07>> Rainmeter Max Counter Start...
2023-04-2609:27:33>> Rainmeter Max Counter Start...
2023-04-2616:40:29>> Rainmeter Max Counter Start...
2023-04-2708:15:03>> Rainmeter Max Counter Start...
2023-04-2716:03:16>> Rainmeter Max Counter Start...
2023-04-2807:45:44>> Rainmeter Max Counter Start...
2023-04-2908:04:08>> Rainmeter Max Counter Start...
2023-04-3008:49:23>> Rainmeter Max Counter Start...
2023-05-0108:47:50>> Rainmeter Max Counter Start...
2023-05-0408:12:59>> Rainmeter Max Counter Start...
2023-05-0508:31:09>> Rainmeter Max Counter Start...
2023-05-0517:21:10>> Rainmeter Max Counter Start...
2023-05-0620:09:09>> Rainmeter Max Counter Start...
2023-05-0709:02:03>> Rainmeter Max Counter Start...
2023-05-0717:35:24>> Rainmeter Max Counter Start...
2023-05-0816:10:50>> Rainmeter Max Counter Start...
2023-05-0817:56:05>> Rainmeter Max Counter Start...
2023-05-0907:50:13>> Rainmeter Max Counter Start...
2023-05-1007:34:25>> Rainmeter Max Counter Start...
2023-05-1109:02:23>> Rainmeter Max Counter Start...
2023-05-1117:19:21>> Rainmeter Max Counter Start...
2023-05-1119:50:37>> Rainmeter Max Counter Start...
2023-05-1119:55:01>> Rainmeter Max Counter Start...
2023-05-1120:34:10>> Rainmeter Max Counter Start...
2023-05-1120:35:40>> Rainmeter Max Counter Start...
2023-05-1120:47:19>> Rainmeter Max Counter Start...
2023-05-1120:58:24>> Rainmeter Max Counter Start...
2023-05-1120:59:00>> Rainmeter Max Counter Start...
2023-05-1211:40:38>> Rainmeter Max Counter Start...
2023-05-1308:12:41>> Rainmeter Max Counter Start...
2023-05-1408:14:38>> Rainmeter Max Counter Start...
2023-05-1416:32:36>> Rainmeter Max Counter Start...
2023-05-1417:20:05>> Rainmeter Max Counter Start...
2023-05-1417:53:33>> Rainmeter Max Counter Start...
2023-05-1508:31:12>> Rainmeter Max Counter Start...
2023-05-1516:43:29>> Rainmeter Max Counter Start...
2023-05-15 17:00:19>>   NetUpMax = 38773260
2023-05-1609:21:24>> Rainmeter Max Counter Start...
2023-05-1617:20:19>> Rainmeter Max Counter Start...
2023-05-1711:44:01>> Rainmeter Max Counter Start...
2023-05-1711:49:54>> Rainmeter Max Counter Start...
2023-05-17 15:52:02>>   NetUpMax = 46836840
2023-05-17 15:52:07>>   NetUpMax = 54483084
2023-05-17 15:53:39>>   NetUpMax = 62149554
2023-05-17 16:55:09>>   NetUpMax = 62489234
2023-05-17 16:55:24>>   NetUpMax = 63622049
2023-05-1807:20:13>> Rainmeter Max Counter Start...
2023-05-1823:14:13>> Rainmeter Max Counter Start...
2023-05-1823:32:42>> Rainmeter Max Counter Start...
2023-05-1911:09:40>> Rainmeter Max Counter Start...
2023-05-2008:38:25>> Rainmeter Max Counter Start...
2023-05-2108:26:11>> Rainmeter Max Counter Start...
2023-05-2211:58:17>> Rainmeter Max Counter Start...
2023-05-2307:41:14>> Rainmeter Max Counter Start...
2023-05-2317:40:22>> Rainmeter Max Counter Start...
2023-05-2412:37:00>> Rainmeter Max Counter Start...
2023-05-2509:32:13>> Rainmeter Max Counter Start...
2023-05-2514:10:10>> Rainmeter Max Counter Start...
2023-05-2611:30:45>> Rainmeter Max Counter Start...
2023-05-2707:50:18>> Rainmeter Max Counter Start...
2023-05-2811:08:25>> Rainmeter Max Counter Start...
2023-05-2911:23:28>> Rainmeter Max Counter Start...
2023-05-3008:08:03>> Rainmeter Max Counter Start...
2023-05-3013:36:37>> Rainmeter Max Counter Start...
2023-05-3107:59:03>> Rainmeter Max Counter Start...
2023-05-3117:12:23>> Rainmeter Max Counter Start...
2023-06-0110:25:31>> Rainmeter Max Counter Start...
2023-06-0207:58:44>> Rainmeter Max Counter Start...
2023-06-0214:10:09>> Rainmeter Max Counter Start...
2023-06-0308:48:38>> Rainmeter Max Counter Start...
2023-06-0408:34:58>> Rainmeter Max Counter Start...
2023-06-0412:33:41>> Rainmeter Max Counter Start...
2023-06-0414:31:42>> Rainmeter Max Counter Start...
2023-06-0510:14:19>> Rainmeter Max Counter Start...
2023-06-0609:09:11>> Rainmeter Max Counter Start...
2023-06-0707:24:13>> Rainmeter Max Counter Start...
2023-06-0713:25:48>> Rainmeter Max Counter Start...
2023-06-0716:46:48>> Rainmeter Max Counter Start...
2023-06-0808:54:39>> Rainmeter Max Counter Start...
2023-06-0817:12:44>> Rainmeter Max Counter Start...
2023-06-0819:13:42>> Rainmeter Max Counter Start...
2023-06-0908:27:02>> Rainmeter Max Counter Start...
2023-06-1007:33:34>> Rainmeter Max Counter Start...
2023-06-1016:54:22>> Rainmeter Max Counter Start...
2023-06-1110:47:05>> Rainmeter Max Counter Start...
2023-06-1118:24:26>> Rainmeter Max Counter Start...
2023-06-1211:33:42>> Rainmeter Max Counter Start...
2023-06-1307:34:17>> Rainmeter Max Counter Start...
2023-06-1317:59:45>> Rainmeter Max Counter Start...
2023-06-1412:32:26>> Rainmeter Max Counter Start...
2023-06-1421:47:37>> Rainmeter Max Counter Start...
2023-06-1510:41:56>> Rainmeter Max Counter Start...
2023-06-1601:07:58>> Rainmeter Max Counter Start...
2023-06-1610:49:46>> Rainmeter Max Counter Start...
2023-06-1711:28:58>> Rainmeter Max Counter Start...
2023-06-1809:40:04>> Rainmeter Max Counter Start...
2023-06-1910:50:15>> Rainmeter Max Counter Start...
2023-06-2008:02:21>> Rainmeter Max Counter Start...
2023-06-2017:08:48>> Rainmeter Max Counter Start...
2023-06-2113:02:13>> Rainmeter Max Counter Start...
2023-06-2211:34:53>> Rainmeter Max Counter Start...
2023-06-2223:34:04>> Rainmeter Max Counter Start...
2023-06-2310:44:07>> Rainmeter Max Counter Start...
2023-06-2319:24:13>> Rainmeter Max Counter Start...
2023-06-2410:18:28>> Rainmeter Max Counter Start...
2023-06-2413:16:11>> Rainmeter Max Counter Start...
2023-06-2413:17:37>> Rainmeter Max Counter Start...
2023-06-2414:02:26>> Rainmeter Max Counter Start...
2023-06-2508:55:52>> Rainmeter Max Counter Start...
2023-06-2517:32:42>> Rainmeter Max Counter Start...
2023-06-2610:47:24>> Rainmeter Max Counter Start...
2023-06-2615:45:59>> Rainmeter Max Counter Start...
2023-06-2622:44:28>> Rainmeter Max Counter Start...
2023-06-2711:06:47>> Rainmeter Max Counter Start...
2023-06-2719:14:11>> Rainmeter Max Counter Start...
2023-06-2719:14:19>> Rainmeter Max Counter Start...
2023-06-2719:14:47>> Rainmeter Max Counter Start...
2023-06-2721:55:55>> Rainmeter Max Counter Start...
2023-06-2810:39:59>> Rainmeter Max Counter Start...
2023-06-2911:37:27>> Rainmeter Max Counter Start...
2023-06-2916:48:22>> Rainmeter Max Counter Start...
2023-06-2922:15:42>> Rainmeter Max Counter Start...
2023-06-3011:24:12>> Rainmeter Max Counter Start...
2023-06-3017:31:36>> Rainmeter Max Counter Start...
2023-07-0110:43:09>> Rainmeter Max Counter Start...
2023-07-0118:14:47>> Rainmeter Max Counter Start...
2023-07-0209:58:16>> Rainmeter Max Counter Start...
2023-07-0311:26:04>> Rainmeter Max Counter Start...
2023-07-0316:42:16>> Rainmeter Max Counter Start...
2023-07-0322:13:29>> Rainmeter Max Counter Start...
2023-07-0410:32:31>> Rainmeter Max Counter Start...
2023-07-0412:44:25>> Rainmeter Max Counter Start...
2023-07-0417:00:17>> Rainmeter Max Counter Start...
2023-07-0418:13:11>> Rainmeter Max Counter Start...
2023-07-0418:14:55>> Rainmeter Max Counter Start...
2023-07-0418:15:38>> Rainmeter Max Counter Start...
2023-07-0418:16:13>> Rainmeter Max Counter Start...
2023-07-0418:19:43>> Rainmeter Max Counter Start...
2023-07-04 18:19:48>>   NetDownMax = 64525722
2023-07-04 18:19:48>>   NetUpMax = 2840389
2023-07-04 18:19:58>>   NetDownMax = 65154777
2023-07-04 18:19:58>>   NetUpMax = 2881961
2023-07-04 18:20:09>>   NetUpMax = 2976498
2023-07-04 18:20:14>>   NetUpMax = 3037026
2023-07-04 18:20:19>>   NetUpMax = 3430135
2023-07-04 18:20:59>>   NetDownMax = 65159054
2023-07-04 18:21:35>>   NetUpMax = 3482009
2023-07-04 18:21:40>>   NetUpMax = 3541391
2023-07-04 18:21:50>>   NetUpMax = 3546866
2023-07-04 18:22:00>>   NetUpMax = 3637580
2023-07-04 18:23:11>>   NetUpMax = 4929073
2023-07-0418:28:30>> Rainmeter Max Counter Start...
2023-07-04 18:28:35>>   NetDownMax = 1570308
2023-07-04 18:28:35>>   IOReadMax = 2238837.8296
2023-07-04 18:28:41>>   NetDownMax = 1662158
2023-07-04 18:28:46>>   NetDownMax = 1922355
2023-07-04 18:28:46>>   IOReadMax = 2302856.66051
2023-07-04 18:28:51>>   NetDownMax = 2145329
2023-07-04 18:29:06>>   IOReadMax = 2618981.24672
2023-07-04 18:29:16>>   IOReadMax = 2850587.33216
2023-07-04 18:29:26>>   IOReadMax = 6147161.37962
2023-07-04 18:29:41>>   NetDownMax = 2819283
2023-07-04 18:29:47>>   NetDownMax = 3499389
2023-07-04 18:30:58>>   NetDownMax = 3998380
2023-07-04 18:31:18>>   IOReadMax = 8259616.09539
2023-07-04 18:32:44>>   IOReadMax = 9333627.86043
2023-07-04 18:33:05>>   NetDownMax = 21385429
2023-07-04 18:33:10>>   NetDownMax = 38068753
2023-07-04 18:33:15>>   NetDownMax = 50130621
2023-07-04 18:33:45>>   NetDownMax = 60034404
2023-07-04 18:33:45>>   IOReadMax = 25393311.1728
2023-07-04 18:33:50>>   NetDownMax = 65046243
2023-07-04 18:33:50>>   IOReadMax = 28964919.14514
2023-07-04 18:33:55>>   IOReadMax = 30673091.16355
2023-07-04 18:34:00>>   NetDownMax = 65120504
2023-07-04 18:34:00>>   IOReadMax = 71402456.38727
2023-07-04 18:34:06>>   IOReadMax = 76406874.08949
2023-07-04 18:34:51>>   IOReadMax = 85012329.80788
2023-07-04 18:35:01>>   IOReadMax = 85860078.10353
2023-07-04 18:52:58>>   IOReadMax = 128748626.42373
2023-07-04 18:53:23>>   NetUpMax = 6361263
2023-07-04 18:54:04>>   NetUpMax = 6372817
2023-07-0418:56:02>> Rainmeter Max Counter Start...
2023-07-04 18:56:17>>   NetDownMax = 65127158
2023-07-04 18:56:48>>   NetDownMax = 65178899
2023-07-0418:57:20>> Rainmeter Max Counter Start...
2023-07-04 19:00:33>>   NetUpMax = 6643487
2023-07-04 19:00:43>>   NetUpMax = 7075556
2023-07-0419:01:16>> Rainmeter Max Counter Start...
2023-07-04 19:02:07>>   NetUpMax = 7282658
2023-07-04 19:02:47>>   NetUpMax = 7302548
2023-07-0419:03:55>> Rainmeter Max Counter Start...
2023-07-04 19:04:46>>   IOReadMax = 289715678.44435
2023-07-04 19:04:51>>   IOReadMax = 308268566.21936
2023-07-04 19:04:56>>   IOReadMax = 468638151.25093
2023-07-04 19:21:52>>   NetDownMax = 65187565
2023-07-04 19:27:07>>   NetDownMax = 65197178
2023-07-0419:36:33>> Rainmeter Max Counter Start...
2023-07-0420:00:13>> Rainmeter Max Counter Start...
2023-07-0421:28:17>> Rainmeter Max Counter Start...
2023-07-04 21:39:04>>   IOReadMax = 565023211.86946
2023-07-0500:35:40>> Rainmeter Max Counter Start...
2023-07-0511:19:44>> Rainmeter Max Counter Start...
2023-07-05 11:19:55>>   NetUpMax = 54663352
2023-07-0511:25:19>> Rainmeter Max Counter Start...
2023-07-0512:18:00>> Rainmeter Max Counter Start...
2023-07-05 14:25:18>>   NetDownMax = 77742113
2023-07-05 14:25:28>>   NetDownMax = 125225555
2023-07-05 14:25:38>>   NetDownMax = 125247533
2023-07-05 14:25:58>>   NetDownMax = 125256680
2023-07-05 14:26:18>>   NetDownMax = 125295502
2023-07-05 14:28:00>>   NetDownMax = 125301368
2023-07-0514:33:04>> Rainmeter Max Counter Start...
2023-07-0515:01:01>> Rainmeter Max Counter Start...
2023-07-0515:01:15>> Rainmeter Max Counter Start...
2023-07-0515:02:00>> Rainmeter Max Counter Start...
2023-07-0516:26:27>> Rainmeter Max Counter Start...
2023-07-0516:28:32>> Rainmeter Max Counter Start...
2023-07-0516:47:08>> Rainmeter Max Counter Start...
2023-07-05 18:13:38>>   NetUpMax = 55319187
2023-07-05 20:28:53>>   NetUpMax = 56159005
2023-07-05 22:13:09>>   NetUpMax = 56455257
2023-07-0610:22:36>> Rainmeter Max Counter Start...
2023-07-06 14:58:19>>   IOReadMax = 719929746.18192
2023-07-0708:52:30>> Rainmeter Max Counter Start...
2023-07-0811:53:53>> Rainmeter Max Counter Start...
2023-07-0813:03:23>> Rainmeter Max Counter Start...
2023-07-0813:05:10>> Rainmeter Max Counter Start...
2023-07-0813:09:26>> Rainmeter Max Counter Start...
2023-07-0817:07:00>> Rainmeter Max Counter Start...
2023-07-08 19:14:07>>   NetDownMax = 125555225
2023-07-0911:15:11>> Rainmeter Max Counter Start...
2023-07-10 01:44:14>>   IOReadMax = 803670755.76197
2023-07-1012:51:17>> Rainmeter Max Counter Start...
2023-07-1101:06:03>> Rainmeter Max Counter Start...
2023-07-1101:50:35>> Rainmeter Max Counter Start...
2023-07-1101:53:20>> Rainmeter Max Counter Start...
2023-07-1101:54:45>> Rainmeter Max Counter Start...
2023-07-1102:01:50>> Rainmeter Max Counter Start...
2023-07-1102:12:13>> Rainmeter Max Counter Start...
2023-07-1102:12:25>> Rainmeter Max Counter Start...
2023-07-1111:54:38>> Rainmeter Max Counter Start...
2023-07-1112:00:18>> Rainmeter Max Counter Start...
2023-07-1122:36:50>> Rainmeter Max Counter Start...
2023-07-1203:08:02>> Rainmeter Max Counter Start...
2023-07-1212:20:43>> Rainmeter Max Counter Start...
2023-07-1213:53:15>> Rainmeter Max Counter Start...
2023-07-1214:46:48>> Rainmeter Max Counter Start...
2023-07-1216:21:01>> Rainmeter Max Counter Start...
2023-07-1216:28:11>> Rainmeter Max Counter Start...
2023-07-1217:18:46>> Rainmeter Max Counter Start...
2023-07-1217:41:53>> Rainmeter Max Counter Start...
2023-07-1219:00:22>> Rainmeter Max Counter Start...
2023-07-1219:19:39>> Rainmeter Max Counter Start...
2023-07-1219:20:13>> Rainmeter Max Counter Start...
2023-07-1219:20:57>> Rainmeter Max Counter Start...
2023-07-1219:22:26>> Rainmeter Max Counter Start...
2023-07-1312:38:25>> Rainmeter Max Counter Start...
2023-07-1321:15:59>> Rainmeter Max Counter Start...
2023-07-1412:01:37>> Rainmeter Max Counter Start...
2023-07-14 23:34:06>>   NetDownMax = 127555942
2023-07-1512:22:19>> Rainmeter Max Counter Start...
2023-07-1516:58:07>> Rainmeter Max Counter Start...
2023-07-1600:38:11>> Rainmeter Max Counter Start...
2023-07-1600:39:14>> Rainmeter Max Counter Start...
2023-07-1610:39:31>> Rainmeter Max Counter Start...
2023-07-1618:21:58>> Rainmeter Max Counter Start...
2023-07-16 19:33:04>>   NetUpMax = 56926713
2023-07-16 20:46:01>>   IOReadMax = 825867643.28076
2023-07-1711:38:19>> Rainmeter Max Counter Start...
2023-07-1721:19:59>> Rainmeter Max Counter Start...
2023-07-1813:08:14>> Rainmeter Max Counter Start...
2023-07-1911:41:04>> Rainmeter Max Counter Start...
2023-07-19 12:28:13>>   IOReadMax = 856948227.6237
2023-07-1922:48:42>> Rainmeter Max Counter Start...
2023-07-2019:41:08>> Rainmeter Max Counter Start...
2023-07-2112:27:31>> Rainmeter Max Counter Start...
2023-07-2212:00:47>> Rainmeter Max Counter Start...
2023-07-2218:41:20>> Rainmeter Max Counter Start...
2023-07-2310:44:12>> Rainmeter Max Counter Start...
2023-07-2321:14:52>> Rainmeter Max Counter Start...
2023-07-2412:50:56>> Rainmeter Max Counter Start...
2023-07-2419:23:08>> Rainmeter Max Counter Start...
2023-07-2512:20:58>> Rainmeter Max Counter Start...
2023-07-2521:11:00>> Rainmeter Max Counter Start...
2023-07-2613:22:03>> Rainmeter Max Counter Start...
2023-07-2708:18:01>> Rainmeter Max Counter Start...
2023-07-27 08:30:37>>   NetUpMax = 57093200
2023-07-2810:23:17>> Rainmeter Max Counter Start...
2023-07-2820:01:55>> Rainmeter Max Counter Start...
2023-07-2911:41:44>> Rainmeter Max Counter Start...
2023-07-3012:36:02>> Rainmeter Max Counter Start...
2023-07-3112:14:36>> Rainmeter Max Counter Start...
2023-08-0113:05:12>> Rainmeter Max Counter Start...
2023-08-0212:47:30>> Rainmeter Max Counter Start...
2023-08-0314:23:39>> Rainmeter Max Counter Start...
2023-08-03 14:25:51>>   IOReadMax = 898006130.05407
2023-08-0320:38:07>> Rainmeter Max Counter Start...
2023-08-03 23:21:24>>   IOReadMax = 1002634799.8857
2023-08-0410:02:42>> Rainmeter Max Counter Start...
2023-08-0512:37:12>> Rainmeter Max Counter Start...
2023-08-0610:47:24>> Rainmeter Max Counter Start...
2023-08-0620:54:01>> Rainmeter Max Counter Start...
2023-08-0712:56:58>> Rainmeter Max Counter Start...
2023-08-0812:05:32>> Rainmeter Max Counter Start...
2023-08-0818:53:12>> Rainmeter Max Counter Start...
2023-08-0913:22:23>> Rainmeter Max Counter Start...
2023-08-0920:43:18>> Rainmeter Max Counter Start...
2023-08-1011:54:59>> Rainmeter Max Counter Start...
2023-08-1107:17:49>> Rainmeter Max Counter Start...
2023-08-1113:05:16>> Rainmeter Max Counter Start...
2023-08-1210:27:44>> Rainmeter Max Counter Start...
2023-08-12 11:04:16>>   NetDownMax = 130035553
2023-08-1220:05:05>> Rainmeter Max Counter Start...
2023-08-1318:47:24>> Rainmeter Max Counter Start...
2023-08-1410:13:01>> Rainmeter Max Counter Start...
2023-08-1419:32:18>> Rainmeter Max Counter Start...
2023-08-1512:23:05>> Rainmeter Max Counter Start...
2023-08-1519:23:51>> Rainmeter Max Counter Start...
2023-08-1613:10:22>> Rainmeter Max Counter Start...
2023-08-1620:44:24>> Rainmeter Max Counter Start...
2023-08-1713:06:28>> Rainmeter Max Counter Start...
2023-08-1719:13:55>> Rainmeter Max Counter Start...
2023-08-1813:07:00>> Rainmeter Max Counter Start...
2023-08-1817:19:32>> Rainmeter Max Counter Start...
2023-08-1911:09:12>> Rainmeter Max Counter Start...
2023-08-2009:31:18>> Rainmeter Max Counter Start...
2023-08-2110:13:10>> Rainmeter Max Counter Start...
2023-08-2111:42:00>> Rainmeter Max Counter Start...
2023-08-2211:42:26>> Rainmeter Max Counter Start...
2023-08-2212:43:39>> Rainmeter Max Counter Start...
2023-08-2221:26:51>> Rainmeter Max Counter Start...
2023-08-2311:46:22>> Rainmeter Max Counter Start...
2023-08-2317:17:13>> Rainmeter Max Counter Start...
2023-08-2412:54:38>> Rainmeter Max Counter Start...
2023-08-2512:22:06>> Rainmeter Max Counter Start...
2023-08-2612:25:18>> Rainmeter Max Counter Start...
2023-08-2620:36:38>> Rainmeter Max Counter Start...
2023-08-2712:11:45>> Rainmeter Max Counter Start...
2023-08-2718:49:04>> Rainmeter Max Counter Start...
2023-08-2809:33:06>> Rainmeter Max Counter Start...
2023-08-2817:53:49>> Rainmeter Max Counter Start...
2023-08-2911:34:31>> Rainmeter Max Counter Start...
2023-08-2917:59:10>> Rainmeter Max Counter Start...
2023-08-3011:43:12>> Rainmeter Max Counter Start...
2023-08-3018:34:39>> Rainmeter Max Counter Start...
2023-08-3112:27:38>> Rainmeter Max Counter Start...
2023-09-0112:24:42>> Rainmeter Max Counter Start...
2023-09-0212:07:35>> Rainmeter Max Counter Start...
2023-09-0213:51:19>> Rainmeter Max Counter Start...
2023-09-0311:34:22>> Rainmeter Max Counter Start...
2023-09-0411:24:12>> Rainmeter Max Counter Start...
2023-09-0420:51:42>> Rainmeter Max Counter Start...
2023-09-0512:46:19>> Rainmeter Max Counter Start...
2023-09-0517:11:52>> Rainmeter Max Counter Start...
2023-09-0611:27:11>> Rainmeter Max Counter Start...
2023-09-0711:29:02>> Rainmeter Max Counter Start...
2023-09-0810:24:23>> Rainmeter Max Counter Start...
2023-09-0911:48:16>> Rainmeter Max Counter Start...
2023-09-0913:34:55>> Rainmeter Max Counter Start...
2023-09-0913:35:59>> Rainmeter Max Counter Start...
2023-09-1011:52:15>> Rainmeter Max Counter Start...
2023-09-1020:21:43>> Rainmeter Max Counter Start...
2023-09-1111:55:14>> Rainmeter Max Counter Start...
2023-09-1212:01:47>> Rainmeter Max Counter Start...
2023-09-1312:53:48>> Rainmeter Max Counter Start...
2023-09-1412:03:22>> Rainmeter Max Counter Start...
2023-09-1420:52:45>> Rainmeter Max Counter Start...
2023-09-1512:20:02>> Rainmeter Max Counter Start...
2023-09-1512:44:45>> Rainmeter Max Counter Start...
2023-09-1517:56:19>> Rainmeter Max Counter Start...
2023-09-1611:40:53>> Rainmeter Max Counter Start...
2023-09-1717:15:00>> Rainmeter Max Counter Start...
2023-09-1718:43:55>> Rainmeter Max Counter Start...
2023-09-1802:18:29>> Rainmeter Max Counter Start...
2023-09-1909:49:21>> Rainmeter Max Counter Start...
2023-09-2010:09:06>> Rainmeter Max Counter Start...
2023-09-2019:55:12>> Rainmeter Max Counter Start...
2023-09-2111:47:51>> Rainmeter Max Counter Start...
2023-09-2211:13:19>> Rainmeter Max Counter Start...
2023-09-2215:55:40>> Rainmeter Max Counter Start...
2023-09-2311:32:46>> Rainmeter Max Counter Start...
2023-09-2421:03:50>> Rainmeter Max Counter Start...
2023-09-2511:57:20>> Rainmeter Max Counter Start...
2023-09-2516:26:48>> Rainmeter Max Counter Start...
2023-09-2609:41:40>> Rainmeter Max Counter Start...
2023-09-2711:55:02>> Rainmeter Max Counter Start...
2023-09-2811:43:57>> Rainmeter Max Counter Start...
2023-09-28 12:10:32>>   IOReadMax = 1430604975.3245
2023-09-2909:36:14>> Rainmeter Max Counter Start...
2023-10-0521:03:57>> Rainmeter Max Counter Start...
2023-10-0610:53:31>> Rainmeter Max Counter Start...
2023-10-0616:38:52>> Rainmeter Max Counter Start...
2023-10-0701:09:21>> Rainmeter Max Counter Start...
2023-10-0708:21:00>> Rainmeter Max Counter Start...
2023-10-07 11:04:11>>   IOReadMax = 2658331792.3035
2023-10-0808:51:51>> Rainmeter Max Counter Start...
2023-10-0911:34:53>> Rainmeter Max Counter Start...
2023-10-1011:49:56>> Rainmeter Max Counter Start...
2023-10-1111:50:21>> Rainmeter Max Counter Start...
2023-10-12 00:17:11>>   NetUpMax = 105692897
2023-10-12 00:17:21>>   NetUpMax = 124666479
2023-10-12 00:17:31>>   NetUpMax = 124693918
2023-10-12 00:18:02>>   NetUpMax = 124699107
2023-10-1210:18:28>> Rainmeter Max Counter Start...
2023-10-12 10:22:21>>   NetUpMax = 124725266
2023-10-12 10:22:32>>   NetUpMax = 124729328
2023-10-12 10:22:52>>   NetUpMax = 124777953
2023-10-12 10:41:29>>   NetUpMax = 124790054
2023-10-12 10:45:33>>   NetUpMax = 124838869
2023-10-1220:46:31>> Rainmeter Max Counter Start...
2023-10-1311:32:35>> Rainmeter Max Counter Start...
2023-10-1318:23:42>> Rainmeter Max Counter Start...
2023-10-13 20:36:25>>   IOReadMax = 2963707829.1464
2023-10-1411:25:35>> Rainmeter Max Counter Start...
2023-10-1416:23:00>> Rainmeter Max Counter Start...
2023-10-1511:51:02>> Rainmeter Max Counter Start...
2023-10-1607:54:17>> Rainmeter Max Counter Start...
2023-10-1711:21:11>> Rainmeter Max Counter Start...
2023-10-1811:28:39>> Rainmeter Max Counter Start...
2023-10-1909:41:40>> Rainmeter Max Counter Start...
2023-10-2009:58:46>> Rainmeter Max Counter Start...
2023-10-2017:21:05>> Rainmeter Max Counter Start...
2023-10-2111:21:50>> Rainmeter Max Counter Start...
2023-10-2212:40:27>> Rainmeter Max Counter Start...
2023-10-2311:38:44>> Rainmeter Max Counter Start...
2023-10-2411:14:08>> Rainmeter Max Counter Start...
2023-10-2510:58:37>> Rainmeter Max Counter Start...
2023-10-2611:11:21>> Rainmeter Max Counter Start...
2023-10-2711:15:52>> Rainmeter Max Counter Start...
2023-10-2720:12:16>> Rainmeter Max Counter Start...
2023-10-2811:47:25>> Rainmeter Max Counter Start...
2023-10-28 12:07:52>>   IOReadMax = 63233600124.181
2023-10-28 12:07:53>>   IOWriteMax = 63209355952.556
2023-10-2910:34:00>> Rainmeter Max Counter Start...
2023-10-3010:57:41>> Rainmeter Max Counter Start...
2023-10-3021:38:51>> Rainmeter Max Counter Start...
2023-10-3110:20:16>> Rainmeter Max Counter Start...
2023-11-0112:08:02>> Rainmeter Max Counter Start...
2023-11-0210:26:08>> Rainmeter Max Counter Start...
2023-11-0312:22:50>> Rainmeter Max Counter Start...
2023-11-0321:18:01>> Rainmeter Max Counter Start...
2023-11-0321:29:39>> Rainmeter Max Counter Start...
2023-11-0411:23:38>> Rainmeter Max Counter Start...
2023-11-0512:49:00>> Rainmeter Max Counter Start...
2023-11-0612:04:14>> Rainmeter Max Counter Start...
2023-11-0712:08:32>> Rainmeter Max Counter Start...
2023-11-0811:45:21>> Rainmeter Max Counter Start...
2023-11-0815:53:52>> Rainmeter Max Counter Start...
2023-11-0820:51:07>> Rainmeter Max Counter Start...
2023-11-0912:18:53>> Rainmeter Max Counter Start...
2023-11-0915:26:14>> Rainmeter Max Counter Start...
2023-11-0920:17:06>> Rainmeter Max Counter Start...
2023-11-1012:13:04>> Rainmeter Max Counter Start...
2023-11-1014:32:13>> Rainmeter Max Counter Start...
2023-11-1110:57:27>> Rainmeter Max Counter Start...
2023-11-1112:26:04>> Rainmeter Max Counter Start...
2023-11-1113:10:34>> Rainmeter Max Counter Start...
2023-11-1113:36:10>> Rainmeter Max Counter Start...
2023-11-1218:16:46>> Rainmeter Max Counter Start...
2023-11-1312:38:09>> Rainmeter Max Counter Start...
2023-11-1411:54:35>> Rainmeter Max Counter Start...
2023-11-1511:49:53>> Rainmeter Max Counter Start...
2023-11-1612:18:26>> Rainmeter Max Counter Start...
2023-11-1712:07:24>> Rainmeter Max Counter Start...
2023-11-1812:07:49>> Rainmeter Max Counter Start...
2023-11-1913:02:54>> Rainmeter Max Counter Start...
2023-11-2011:40:24>> Rainmeter Max Counter Start...
2023-11-2020:57:59>> Rainmeter Max Counter Start...
2023-11-2112:20:28>> Rainmeter Max Counter Start...
2023-11-2211:37:52>> Rainmeter Max Counter Start...
2023-11-2311:24:31>> Rainmeter Max Counter Start...
2023-11-2316:28:27>> Rainmeter Max Counter Start...
2023-11-2321:17:59>> Rainmeter Max Counter Start...
2023-11-2413:06:30>> Rainmeter Max Counter Start...
2023-11-2512:16:09>> Rainmeter Max Counter Start...
2023-11-2612:38:10>> Rainmeter Max Counter Start...
2023-11-2713:41:00>> Rainmeter Max Counter Start...
2023-11-2813:06:55>> Rainmeter Max Counter Start...
2023-11-2821:23:31>> Rainmeter Max Counter Start...
2023-11-2911:11:03>> Rainmeter Max Counter Start...
2023-11-2911:59:12>> Rainmeter Max Counter Start...
2023-11-3012:08:51>> Rainmeter Max Counter Start...
2023-12-0113:49:56>> Rainmeter Max Counter Start...
2023-12-0212:11:59>> Rainmeter Max Counter Start...
2023-12-0302:14:04>> Rainmeter Max Counter Start...
2023-12-0302:23:05>> Rainmeter Max Counter Start...
2023-12-0302:25:08>> Rainmeter Max Counter Start...
2023-12-0302:25:40>> Rainmeter Max Counter Start...
2023-12-0302:25:52>> Rainmeter Max Counter Start...
2023-12-0302:25:59>> Rainmeter Max Counter Start...
2023-12-0302:26:11>> Rainmeter Max Counter Start...
2023-12-0302:26:21>> Rainmeter Max Counter Start...
2023-12-0302:26:31>> Rainmeter Max Counter Start...
2023-12-0302:26:52>> Rainmeter Max Counter Start...
2023-12-0302:50:07>> Rainmeter Max Counter Start...
2023-12-0302:58:24>> Rainmeter Max Counter Start...
2023-12-0303:47:50>> Rainmeter Max Counter Start...
2023-12-0303:50:57>> Rainmeter Max Counter Start...
2023-12-0313:19:28>> Rainmeter Max Counter Start...
2023-12-0401:58:30>> Rainmeter Max Counter Start...
2023-12-0401:59:01>> Rainmeter Max Counter Start...
2023-12-0402:00:12>> Rainmeter Max Counter Start...
2023-12-0412:36:44>> Rainmeter Max Counter Start...
2023-12-0512:07:37>> Rainmeter Max Counter Start...
2023-12-0613:27:24>> Rainmeter Max Counter Start...
2023-12-0712:30:48>> Rainmeter Max Counter Start...
2023-12-0802:14:58>> Rainmeter Max Counter Start...
2023-12-0802:19:38>> Rainmeter Max Counter Start...
2023-12-0802:46:19>> Rainmeter Max Counter Start...
2023-12-0802:50:46>> Rainmeter Max Counter Start...